<?xml version="1.0" encoding="UTF-8"?>
<testsuites name="aether-bot" tests="5" failures="1" errors="0" skipped="1" time="2.345">
  <testsuite name="unit" tests="3" failures="1" errors="0" skipped="0" time="1.234">
    <testcase classname="core.runner" name="should execute command" time="0.5"/>
    <testcase classname="core.runner" name="should handle timeout" time="0.3"/>
    <testcase classname="core.security" name="should reject dangerous patterns" time="0.434">
      <failure message="Expected true but got false">
        AssertionError: Expected true but got false
          at Object.test (security.test.ts:42:5)
      </failure>
    </testcase>
  </testsuite>
  <testsuite name="integration" tests="2" failures="0" errors="0" skipped="1" time="1.111">
    <testcase classname="flow.incubation" name="should complete happy path" time="1.0"/>
    <testcase classname="flow.incubation" name="should skip canary in 1a" time="0.0">
      <skipped/>
    </testcase>
  </testsuite>
</testsuites>
